e:\test\demo\demo\eventbus\debug\eventbus_ud.pch
e:\test\demo\demo\eventbus\debug\vc120.pdb
e:\test\demo\demo\eventbus\debug\vc120.idb
e:\test\demo\demo\eventbus\debug\stdafx.obj
e:\test\demo\demo\eventbus\debug\dllmain.obj
e:\test\demo\demo\eventbus\debug\eventbusimpl.obj
e:\test\demo\demo\eventbus\debug\eventbus.obj
e:\test\demo\demo\eventbus\debug\workpool.obj
e:\debug\eventbus_ud.lib
e:\debug\eventbus_ud.exp
e:\test\demo\bin\debug\eventbus_ud.lib
e:\test\demo\bin\debug\eventbus_ud.exp
e:\debug\eventbus_ud.ilk
e:\debug\eventbus_ud.dll
e:\debug\eventbus_ud.pdb
e:\test\demo\bin\debug\eventbus_ud.ilk
e:\test\demo\bin\debug\eventbus_ud.dll
e:\test\demo\bin\debug\eventbus_ud.pdb
e:\test\demo\demo\eventbus\../../bin\debug\eventbus_ud.dll
e:\test\demo\demo\eventbus\debug\eventbus.tlog\cl.command.1.tlog
e:\test\demo\demo\eventbus\debug\eventbus.tlog\cl.read.1.tlog
e:\test\demo\demo\eventbus\debug\eventbus.tlog\cl.write.1.tlog
e:\test\demo\demo\eventbus\debug\eventbus.tlog\eventbus.write.1u.tlog
e:\test\demo\demo\eventbus\debug\eventbus.tlog\link.command.1.tlog
e:\test\demo\demo\eventbus\debug\eventbus.tlog\link.read.1.tlog
e:\test\demo\demo\eventbus\debug\eventbus.tlog\link.write.1.tlog
