e:\git\update-pc-101ppt\update-pc-101ppt\updatelib\xdelte\xdelte\win32\debug\xdelte_d.pch
e:\git\update-pc-101ppt\update-pc-101ppt\updatelib\xdelte\xdelte\win32\debug\vc120.pdb
e:\git\update-pc-101ppt\update-pc-101ppt\updatelib\xdelte\xdelte\win32\debug\vc120.idb
e:\git\update-pc-101ppt\update-pc-101ppt\updatelib\xdelte\xdelte\win32\debug\stdafx.obj
e:\git\update-pc-101ppt\update-pc-101ppt\updatelib\xdelte\xdelte\win32\debug\xdeltaapi.obj
e:\git\update-pc-101ppt\update-pc-101ppt\updatelib\xdelte\xdelte\win32\debug\xdeltawrapper.obj
e:\git\update-pc-101ppt\update-pc-101ppt\updatelib\xdelte\xdelte\win32\debug\util.obj
e:\test\demo\demo\xdelte\xdelte\win32\debug\xdelte_d.pch
e:\test\demo\demo\xdelte\xdelte\win32\debug\vc120.pdb
e:\test\demo\demo\xdelte\xdelte\win32\debug\vc120.idb
e:\test\demo\demo\xdelte\xdelte\win32\debug\stdafx.obj
e:\test\demo\demo\xdelte\xdelte\win32\debug\xdeltaapi.obj
e:\test\demo\demo\xdelte\xdelte\win32\debug\xdeltawrapper.obj
e:\test\demo\demo\xdelte\xdelte\win32\debug\util.obj
e:\git\update-pc-101ppt\update-pc-101ppt\updatelib\lib\x86\xdelte_d.lib
e:\test\demo\demo\lib\xdelte_d.lib
e:\test\demo\demo\xdelte\xdelte\win32\debug\xdelte.tlog\cl.command.1.tlog
e:\test\demo\demo\xdelte\xdelte\win32\debug\xdelte.tlog\cl.read.1.tlog
e:\test\demo\demo\xdelte\xdelte\win32\debug\xdelte.tlog\cl.write.1.tlog
e:\test\demo\demo\xdelte\xdelte\win32\debug\xdelte.tlog\lib-link.read.1.tlog
e:\test\demo\demo\xdelte\xdelte\win32\debug\xdelte.tlog\lib-link.write.1.tlog
e:\test\demo\demo\xdelte\xdelte\win32\debug\xdelte.tlog\lib.command.1.tlog
